  [1m[35m (0.6ms)[0m  [1m[35mDROP DATABASE IF EXISTS "commit_development"[0m
  [1m[35m (0.1ms)[0m  [1m[35mDROP DATABASE IF EXISTS "commit_test"[0m
  [1m[35m (284.3ms)[0m  [1m[35mCREATE DATABASE "commit_development" ENCODING = 'unicode'[0m
  [1m[35m (67.2ms)[0m  [1m[35mCREATE DATABASE "commit_test" ENCODING = 'unicode'[0m
  [1m[35m (37.8ms)[0m  [1m[35mCREATE TABLE "schema_migrations" ("version" character varying NOT NULL PRIMARY KEY)[0m
  [1m[35m (8.1ms)[0m  [1m[35mCREATE TABLE "ar_internal_metadata" ("key" character varying NOT NULL PRIMARY KEY, "value" character varying, "created_at" timestamp(6) NOT NULL, "updated_at" timestamp(6) NOT NULL)[0m
  [1m[35m (10.3ms)[0m  [1m[34mSELECT pg_try_advisory_lock(8145931283193932865)[0m
  [1m[35m (1.0ms)[0m  [1m[34mSELECT "schema_migrations"."version" FROM "schema_migrations" ORDER BY "schema_migrations"."version" ASC[0m
Migrating to CreateBlocks (20210909025225)
  [1m[35m (3.7ms)[0m  [1m[35mBEGIN[0m
  [1m[35m (8.9ms)[0m  [1m[35mCREATE TABLE "blocks" ("id" bigserial primary key, "block_hash" character varying, "commit_hash" character varying, "merkle_hash" character varying, "solution_hash" character varying, "prev_block_hash" character varying, "nonce" integer, "difficulty" integer, "created_at" timestamp(6) NOT NULL, "updated_at" timestamp(6) NOT NULL)[0m
  [1m[36mActiveRecord::SchemaMigration Create (4.2ms)[0m  [1m[32mINSERT INTO "schema_migrations" ("version") VALUES ($1) RETURNING "version"[0m  [["version", "20210909025225"]]
  [1m[35m (0.5ms)[0m  [1m[35mCOMMIT[0m
Migrating to CreateConfirmedTransactions (20210909025311)
  [1m[35m (0.2ms)[0m  [1m[35mBEGIN[0m
  [1m[35m (18.6ms)[0m  [1m[35mCREATE TABLE "confirmed_transactions" ("id" bigserial primary key, "amount" float, "destination" character varying, "transaction_hash" character varying, "sender" character varying, "sender_public_key" character varying, "sender_signature" character varying, "tx_fee" float, "status" character varying, "nonce" integer, "block_id" bigint NOT NULL, "created_at" timestamp(6) NOT NULL, "updated_at" timestamp(6) NOT NULL, CONSTRAINT "fk_rails_3eb03586f2"
FOREIGN KEY ("block_id")
  REFERENCES "blocks" ("id")
)[0m
  [1m[35m (1.0ms)[0m  [1m[35mCREATE  INDEX  "index_confirmed_transactions_on_block_id" ON "confirmed_transactions"  ("block_id")[0m
  [1m[36mActiveRecord::SchemaMigration Create (0.3ms)[0m  [1m[32mINSERT INTO "schema_migrations" ("version") VALUES ($1) RETURNING "version"[0m  [["version", "20210909025311"]]
  [1m[35m (1.4ms)[0m  [1m[35mCOMMIT[0m
Migrating to CreateAccounts (20210914152748)
  [1m[35m (0.2ms)[0m  [1m[35mBEGIN[0m
  [1m[35m (6.3ms)[0m  [1m[35mCREATE TABLE "accounts" ("id" bigserial primary key, "account_id" character varying, "confirmed_balance" float, "highest_nonce" integer, "created_at" timestamp(6) NOT NULL, "updated_at" timestamp(6) NOT NULL)[0m
  [1m[36mActiveRecord::SchemaMigration Create (0.2ms)[0m  [1m[32mINSERT INTO "schema_migrations" ("version") VALUES ($1) RETURNING "version"[0m  [["version", "20210914152748"]]
  [1m[35m (0.4ms)[0m  [1m[35mCOMMIT[0m
  [1m[36mActiveRecord::InternalMetadata Load (0.5ms)[0m  [1m[34mSELECT "ar_internal_metadata".* FROM "ar_internal_metadata" WHERE "ar_internal_metadata"."key" = $1 LIMIT $2[0m  [["key", "environment"], ["LIMIT", 1]]
  [1m[35m (0.1ms)[0m  [1m[35mBEGIN[0m
  [1m[36mActiveRecord::InternalMetadata Create (3.6ms)[0m  [1m[32mINSERT INTO "ar_internal_metadata" ("key", "value", "created_at", "updated_at") VALUES ($1, $2, $3, $4) RETURNING "key"[0m  [["key", "environment"], ["value", "development"], ["created_at", "2021-09-14 20:23:33.088769"], ["updated_at", "2021-09-14 20:23:33.088769"]]
  [1m[35m (0.5ms)[0m  [1m[35mCOMMIT[0m
  [1m[35m (0.4ms)[0m  [1m[34mSELECT pg_advisory_unlock(8145931283193932865)[0m
  [1m[35m (1.1ms)[0m  [1m[34mSELECT "schema_migrations"."version" FROM "schema_migrations" ORDER BY "schema_migrations"."version" ASC[0m
  [1m[35m (0.8ms)[0m  [1m[34mSELECT "schema_migrations"."version" FROM "schema_migrations" ORDER BY "schema_migrations"."version" ASC[0m
  [1m[35m (4.5ms)[0m  [1m[34mSELECT "ar_internal_metadata"."value" FROM "ar_internal_metadata" WHERE "ar_internal_metadata"."key" = $1[0m  [["key", "environment"]]
  [1m[35m (0.2ms)[0m  [1m[34mSELECT "schema_migrations"."version" FROM "schema_migrations" ORDER BY "schema_migrations"."version" ASC[0m
  [1m[35m (0.2ms)[0m  [1m[34mSELECT "ar_internal_metadata"."value" FROM "ar_internal_metadata" WHERE "ar_internal_metadata"."key" = $1[0m  [["key", "environment"]]
  [1m[35m (0.2ms)[0m  [1m[34mSELECT "schema_migrations"."version" FROM "schema_migrations" ORDER BY "schema_migrations"."version" ASC[0m
  [1m[35m (0.2ms)[0m  [1m[34mSELECT "ar_internal_metadata"."value" FROM "ar_internal_metadata" WHERE "ar_internal_metadata"."key" = $1[0m  [["key", "environment"]]
  [1m[35m (46.2ms)[0m  [1m[35mDROP DATABASE IF EXISTS "commit_development"[0m
  [1m[35m (35.0ms)[0m  [1m[35mDROP DATABASE IF EXISTS "commit_test"[0m
  [1m[35m (197.0ms)[0m  [1m[35mCREATE DATABASE "commit_development" ENCODING = 'unicode'[0m
  [1m[35m (63.1ms)[0m  [1m[35mCREATE DATABASE "commit_test" ENCODING = 'unicode'[0m
  [1m[35m (10.0ms)[0m  [1m[35mCREATE TABLE "schema_migrations" ("version" character varying NOT NULL PRIMARY KEY)[0m
  [1m[35m (3.4ms)[0m  [1m[35mCREATE TABLE "ar_internal_metadata" ("key" character varying NOT NULL PRIMARY KEY, "value" character varying, "created_at" timestamp(6) NOT NULL, "updated_at" timestamp(6) NOT NULL)[0m
  [1m[35m (1.3ms)[0m  [1m[34mSELECT pg_try_advisory_lock(8145931283193932865)[0m
  [1m[35m (0.5ms)[0m  [1m[34mSELECT "schema_migrations"."version" FROM "schema_migrations" ORDER BY "schema_migrations"."version" ASC[0m
Migrating to CreateBlocks (20210909025225)
  [1m[35m (0.2ms)[0m  [1m[35mBEGIN[0m
  [1m[35m (4.6ms)[0m  [1m[35mCREATE TABLE "blocks" ("id" bigserial primary key, "block_hash" character varying, "commit_hash" character varying, "merkle_hash" character varying, "solution_hash" character varying, "prev_block_hash" character varying, "nonce" integer, "difficulty" integer, "created_at" timestamp(6) NOT NULL, "updated_at" timestamp(6) NOT NULL)[0m
  [1m[36mActiveRecord::SchemaMigration Create (0.5ms)[0m  [1m[32mINSERT INTO "schema_migrations" ("version") VALUES ($1) RETURNING "version"[0m  [["version", "20210909025225"]]
  [1m[35m (1.0ms)[0m  [1m[35mCOMMIT[0m
Migrating to CreateConfirmedTransactions (20210909025311)
  [1m[35m (0.2ms)[0m  [1m[35mBEGIN[0m
  [1m[35m (4.9ms)[0m  [1m[35mCREATE TABLE "confirmed_transactions" ("id" bigserial primary key, "amount" float, "destination" character varying, "transaction_hash" character varying, "sender" character varying, "sender_public_key" character varying, "sender_signature" character varying, "tx_fee" float, "status" character varying, "nonce" integer, "block_id" bigint NOT NULL, "created_at" timestamp(6) NOT NULL, "updated_at" timestamp(6) NOT NULL, CONSTRAINT "fk_rails_3eb03586f2"
FOREIGN KEY ("block_id")
  REFERENCES "blocks" ("id")
)[0m
  [1m[35m (0.8ms)[0m  [1m[35mCREATE  INDEX  "index_confirmed_transactions_on_block_id" ON "confirmed_transactions"  ("block_id")[0m
  [1m[36mActiveRecord::SchemaMigration Create (0.3ms)[0m  [1m[32mINSERT INTO "schema_migrations" ("version") VALUES ($1) RETURNING "version"[0m  [["version", "20210909025311"]]
  [1m[35m (0.6ms)[0m  [1m[35mCOMMIT[0m
Migrating to CreateAccounts (20210914152748)
  [1m[35m (0.2ms)[0m  [1m[35mBEGIN[0m
  [1m[35m (4.2ms)[0m  [1m[35mCREATE TABLE "accounts" ("id" bigserial primary key, "account_id" character varying, "confirmed_balance" float, "highest_nonce" integer, "created_at" timestamp(6) NOT NULL, "updated_at" timestamp(6) NOT NULL)[0m
  [1m[36mActiveRecord::SchemaMigration Create (0.2ms)[0m  [1m[32mINSERT INTO "schema_migrations" ("version") VALUES ($1) RETURNING "version"[0m  [["version", "20210914152748"]]
  [1m[35m (0.8ms)[0m  [1m[35mCOMMIT[0m
Migrating to CreateOpenBlocks (20210914205305)
  [1m[35m (0.2ms)[0m  [1m[35mBEGIN[0m
  [1m[35m (4.0ms)[0m  [1m[35mCREATE TABLE "open_blocks" ("id" bigserial primary key, "block_hash" character varying, "merkle_hash" character varying, "solution_hash" character varying, "prev_block_hash" character varying, "nonce" integer, "difficulty" integer, "created_at" timestamp(6) NOT NULL, "updated_at" timestamp(6) NOT NULL)[0m
  [1m[36mActiveRecord::SchemaMigration Create (0.3ms)[0m  [1m[32mINSERT INTO "schema_migrations" ("version") VALUES ($1) RETURNING "version"[0m  [["version", "20210914205305"]]
  [1m[35m (0.4ms)[0m  [1m[35mCOMMIT[0m
Migrating to CreateOpenTransactions (20210914205338)
  [1m[35m (0.2ms)[0m  [1m[35mBEGIN[0m
  [1m[35m (5.2ms)[0m  [1m[35mCREATE TABLE "open_transactions" ("id" bigserial primary key, "amount" float, "destination" character varying, "transaction_hash" character varying, "sender" character varying, "sender_public_key" character varying, "sender_signiture" character varying, "tx_fee" float, "status" character varying, "nonce" integer, "open_block_id" bigint NOT NULL, "created_at" timestamp(6) NOT NULL, "updated_at" timestamp(6) NOT NULL, CONSTRAINT "fk_rails_6dfbb858cf"
FOREIGN KEY ("open_block_id")
  REFERENCES "open_blocks" ("id")
)[0m
  [1m[35m (1.0ms)[0m  [1m[35mCREATE  INDEX  "index_open_transactions_on_open_block_id" ON "open_transactions"  ("open_block_id")[0m
  [1m[36mActiveRecord::SchemaMigration Create (0.2ms)[0m  [1m[32mINSERT INTO "schema_migrations" ("version") VALUES ($1) RETURNING "version"[0m  [["version", "20210914205338"]]
  [1m[35m (1.1ms)[0m  [1m[35mCOMMIT[0m
  [1m[36mActiveRecord::InternalMetadata Load (0.3ms)[0m  [1m[34mSELECT "ar_internal_metadata".* FROM "ar_internal_metadata" WHERE "ar_internal_metadata"."key" = $1 LIMIT $2[0m  [["key", "environment"], ["LIMIT", 1]]
  [1m[35m (0.2ms)[0m  [1m[35mBEGIN[0m
  [1m[36mActiveRecord::InternalMetadata Create (0.6ms)[0m  [1m[32mINSERT INTO "ar_internal_metadata" ("key", "value", "created_at", "updated_at") VALUES ($1, $2, $3, $4) RETURNING "key"[0m  [["key", "environment"], ["value", "development"], ["created_at", "2021-09-14 20:54:20.921444"], ["updated_at", "2021-09-14 20:54:20.921444"]]
  [1m[35m (0.3ms)[0m  [1m[35mCOMMIT[0m
  [1m[35m (0.5ms)[0m  [1m[34mSELECT pg_advisory_unlock(8145931283193932865)[0m
  [1m[35m (0.9ms)[0m  [1m[34mSELECT "schema_migrations"."version" FROM "schema_migrations" ORDER BY "schema_migrations"."version" ASC[0m
  [1m[35m (4.2ms)[0m  [1m[34mSELECT "schema_migrations"."version" FROM "schema_migrations" ORDER BY "schema_migrations"."version" ASC[0m
  [1m[35m (8.3ms)[0m  [1m[34mSELECT "ar_internal_metadata"."value" FROM "ar_internal_metadata" WHERE "ar_internal_metadata"."key" = $1[0m  [["key", "environment"]]
  [1m[35m (0.3ms)[0m  [1m[34mSELECT "schema_migrations"."version" FROM "schema_migrations" ORDER BY "schema_migrations"."version" ASC[0m
  [1m[35m (1.5ms)[0m  [1m[34mSELECT "ar_internal_metadata"."value" FROM "ar_internal_metadata" WHERE "ar_internal_metadata"."key" = $1[0m  [["key", "environment"]]
  [1m[35m (0.3ms)[0m  [1m[34mSELECT "schema_migrations"."version" FROM "schema_migrations" ORDER BY "schema_migrations"."version" ASC[0m
  [1m[35m (0.2ms)[0m  [1m[34mSELECT "ar_internal_metadata"."value" FROM "ar_internal_metadata" WHERE "ar_internal_metadata"."key" = $1[0m  [["key", "environment"]]
  [1m[35m (76.4ms)[0m  [1m[35mDROP DATABASE IF EXISTS "commit_development"[0m
  [1m[35m (53.1ms)[0m  [1m[35mDROP DATABASE IF EXISTS "commit_test"[0m
  [1m[35m (0.1ms)[0m  [1m[35mDROP DATABASE IF EXISTS "commit_development"[0m
  [1m[35m (0.1ms)[0m  [1m[35mDROP DATABASE IF EXISTS "commit_test"[0m
  [1m[35m (196.2ms)[0m  [1m[35mCREATE DATABASE "commit_development" ENCODING = 'unicode'[0m
  [1m[35m (80.0ms)[0m  [1m[35mCREATE DATABASE "commit_test" ENCODING = 'unicode'[0m
  [1m[35m (23.5ms)[0m  [1m[35mCREATE TABLE "schema_migrations" ("version" character varying NOT NULL PRIMARY KEY)[0m
  [1m[35m (7.5ms)[0m  [1m[35mCREATE TABLE "ar_internal_metadata" ("key" character varying NOT NULL PRIMARY KEY, "value" character varying, "created_at" timestamp(6) NOT NULL, "updated_at" timestamp(6) NOT NULL)[0m
  [1m[35m (0.9ms)[0m  [1m[34mSELECT pg_try_advisory_lock(8145931283193932865)[0m
  [1m[35m (0.7ms)[0m  [1m[34mSELECT "schema_migrations"."version" FROM "schema_migrations" ORDER BY "schema_migrations"."version" ASC[0m
Migrating to CreateBlocks (20210909025225)
  [1m[35m (3.7ms)[0m  [1m[35mBEGIN[0m
  [1m[35m (9.5ms)[0m  [1m[35mCREATE TABLE "blocks" ("id" bigserial primary key, "block_hash" character varying, "commit_hash" character varying, "merkle_hash" character varying, "solution_hash" character varying, "prev_block_hash" character varying, "nonce" integer, "difficulty" integer, "created_at" timestamp(6) NOT NULL, "updated_at" timestamp(6) NOT NULL)[0m
  [1m[36mActiveRecord::SchemaMigration Create (3.9ms)[0m  [1m[32mINSERT INTO "schema_migrations" ("version") VALUES ($1) RETURNING "version"[0m  [["version", "20210909025225"]]
  [1m[35m (0.7ms)[0m  [1m[35mCOMMIT[0m
Migrating to CreateConfirmedTransactions (20210909025311)
  [1m[35m (0.3ms)[0m  [1m[35mBEGIN[0m
  [1m[35m (11.7ms)[0m  [1m[35mCREATE TABLE "confirmed_transactions" ("id" bigserial primary key, "amount" float, "destination" character varying, "transaction_hash" character varying, "sender" character varying, "sender_public_key" character varying, "sender_signature" character varying, "tx_fee" float, "status" character varying, "nonce" integer, "transaction_index" integer, "block_id" bigint NOT NULL, "created_at" timestamp(6) NOT NULL, "updated_at" timestamp(6) NOT NULL, CONSTRAINT "fk_rails_3eb03586f2"
FOREIGN KEY ("block_id")
  REFERENCES "blocks" ("id")
)[0m
  [1m[35m (1.4ms)[0m  [1m[35mCREATE  INDEX  "index_confirmed_transactions_on_block_id" ON "confirmed_transactions"  ("block_id")[0m
  [1m[36mActiveRecord::SchemaMigration Create (0.2ms)[0m  [1m[32mINSERT INTO "schema_migrations" ("version") VALUES ($1) RETURNING "version"[0m  [["version", "20210909025311"]]
  [1m[35m (1.0ms)[0m  [1m[35mCOMMIT[0m
Migrating to CreateAccounts (20210914152748)
  [1m[35m (0.3ms)[0m  [1m[35mBEGIN[0m
  [1m[35m (4.9ms)[0m  [1m[35mCREATE TABLE "accounts" ("id" bigserial primary key, "account_id" character varying, "confirmed_balance" float, "highest_nonce" integer, "created_at" timestamp(6) NOT NULL, "updated_at" timestamp(6) NOT NULL)[0m
  [1m[36mActiveRecord::SchemaMigration Create (0.3ms)[0m  [1m[32mINSERT INTO "schema_migrations" ("version") VALUES ($1) RETURNING "version"[0m  [["version", "20210914152748"]]
  [1m[35m (0.5ms)[0m  [1m[35mCOMMIT[0m
Migrating to CreateOpenBlocks (20210914205305)
  [1m[35m (0.2ms)[0m  [1m[35mBEGIN[0m
  [1m[35m (6.8ms)[0m  [1m[35mCREATE TABLE "open_blocks" ("id" bigserial primary key, "block_hash" character varying, "merkle_hash" character varying, "solution_hash" character varying, "prev_block_hash" character varying, "nonce" integer, "difficulty" integer, "created_at" timestamp(6) NOT NULL, "updated_at" timestamp(6) NOT NULL)[0m
  [1m[36mActiveRecord::SchemaMigration Create (0.2ms)[0m  [1m[32mINSERT INTO "schema_migrations" ("version") VALUES ($1) RETURNING "version"[0m  [["version", "20210914205305"]]
  [1m[35m (4.0ms)[0m  [1m[35mCOMMIT[0m
Migrating to CreateOpenTransactions (20210914205338)
  [1m[35m (0.5ms)[0m  [1m[35mBEGIN[0m
  [1m[35m (7.1ms)[0m  [1m[35mCREATE TABLE "open_transactions" ("id" bigserial primary key, "amount" float, "destination" character varying, "transaction_hash" character varying, "sender" character varying, "sender_public_key" character varying, "sender_signature" character varying, "tx_fee" float, "status" character varying, "nonce" integer, "transaction_index" integer, "open_block_id" bigint NOT NULL, "created_at" timestamp(6) NOT NULL, "updated_at" timestamp(6) NOT NULL, CONSTRAINT "fk_rails_6dfbb858cf"
FOREIGN KEY ("open_block_id")
  REFERENCES "open_blocks" ("id")
)[0m
  [1m[35m (1.7ms)[0m  [1m[35mCREATE  INDEX  "index_open_transactions_on_open_block_id" ON "open_transactions"  ("open_block_id")[0m
  [1m[36mActiveRecord::SchemaMigration Create (0.3ms)[0m  [1m[32mINSERT INTO "schema_migrations" ("version") VALUES ($1) RETURNING "version"[0m  [["version", "20210914205338"]]
  [1m[35m (0.8ms)[0m  [1m[35mCOMMIT[0m
  [1m[36mActiveRecord::InternalMetadata Load (3.7ms)[0m  [1m[34mSELECT "ar_internal_metadata".* FROM "ar_internal_metadata" WHERE "ar_internal_metadata"."key" = $1 LIMIT $2[0m  [["key", "environment"], ["LIMIT", 1]]
  [1m[35m (0.2ms)[0m  [1m[35mBEGIN[0m
  [1m[36mActiveRecord::InternalMetadata Create (2.0ms)[0m  [1m[32mINSERT INTO "ar_internal_metadata" ("key", "value", "created_at", "updated_at") VALUES ($1, $2, $3, $4) RETURNING "key"[0m  [["key", "environment"], ["value", "development"], ["created_at", "2021-09-15 16:40:42.515979"], ["updated_at", "2021-09-15 16:40:42.515979"]]
  [1m[35m (0.5ms)[0m  [1m[35mCOMMIT[0m
  [1m[35m (0.4ms)[0m  [1m[34mSELECT pg_advisory_unlock(8145931283193932865)[0m
  [1m[35m (1.1ms)[0m  [1m[34mSELECT "schema_migrations"."version" FROM "schema_migrations" ORDER BY "schema_migrations"."version" ASC[0m
