  [1m[35m (0.6ms)[0m  [1m[35mDROP DATABASE IF EXISTS "clearing_development"[0m
  [1m[35m (0.2ms)[0m  [1m[35mDROP DATABASE IF EXISTS "clearing_test"[0m
  [1m[35m (225.3ms)[0m  [1m[35mCREATE DATABASE "clearing_development" ENCODING = 'unicode'[0m
  [1m[35m (68.8ms)[0m  [1m[35mCREATE DATABASE "clearing_test" ENCODING = 'unicode'[0m
  [1m[35m (26.6ms)[0m  [1m[35mCREATE TABLE "schema_migrations" ("version" character varying NOT NULL PRIMARY KEY)[0m
  [1m[35m (6.4ms)[0m  [1m[35mCREATE TABLE "ar_internal_metadata" ("key" character varying NOT NULL PRIMARY KEY, "value" character varying, "created_at" timestamp(6) NOT NULL, "updated_at" timestamp(6) NOT NULL)[0m
  [1m[35m (1.0ms)[0m  [1m[34mSELECT pg_try_advisory_lock(2712650622484365045)[0m
  [1m[35m (0.7ms)[0m  [1m[34mSELECT "schema_migrations"."version" FROM "schema_migrations" ORDER BY "schema_migrations"."version" ASC[0m
Migrating to CreateBlocks (20210909030450)
  [1m[35m (4.1ms)[0m  [1m[35mBEGIN[0m
  [1m[35m (8.6ms)[0m  [1m[35mCREATE TABLE "blocks" ("id" bigserial primary key, "block_hash" character varying, "commit_hash" character varying, "merkle_hash" character varying, "solution_hash" character varying, "prev_block_hash" character varying, "nonce" integer, "difficulty" integer, "created_at" timestamp(6) NOT NULL, "updated_at" timestamp(6) NOT NULL)[0m
  [1m[36mActiveRecord::SchemaMigration Create (4.0ms)[0m  [1m[32mINSERT INTO "schema_migrations" ("version") VALUES ($1) RETURNING "version"[0m  [["version", "20210909030450"]]
  [1m[35m (9.5ms)[0m  [1m[35mCOMMIT[0m
Migrating to CreateConfirmedTransactions (20210909030505)
  [1m[35m (0.3ms)[0m  [1m[35mBEGIN[0m
  [1m[35m (8.6ms)[0m  [1m[35mCREATE TABLE "confirmed_transactions" ("id" bigserial primary key, "amount" float, "destination" character varying, "transaction_hash" character varying, "sender" character varying, "sender_public_key" character varying, "sender_signature" character varying, "tx_fee" float, "status" character varying, "nonce" integer, "block_id" bigint NOT NULL, "created_at" timestamp(6) NOT NULL, "updated_at" timestamp(6) NOT NULL, CONSTRAINT "fk_rails_3eb03586f2"
FOREIGN KEY ("block_id")
  REFERENCES "blocks" ("id")
)[0m
  [1m[35m (1.7ms)[0m  [1m[35mCREATE  INDEX  "index_confirmed_transactions_on_block_id" ON "confirmed_transactions"  ("block_id")[0m
  [1m[36mActiveRecord::SchemaMigration Create (0.3ms)[0m  [1m[32mINSERT INTO "schema_migrations" ("version") VALUES ($1) RETURNING "version"[0m  [["version", "20210909030505"]]
  [1m[35m (0.4ms)[0m  [1m[35mCOMMIT[0m
Migrating to CreateUnconfirmedTransactions (20210909041655)
  [1m[35m (0.3ms)[0m  [1m[35mBEGIN[0m
  [1m[35m (4.5ms)[0m  [1m[35mCREATE TABLE "unconfirmed_transactions" ("id" bigserial primary key, "amount" float, "destination" character varying, "transaction_hash" character varying, "sender" character varying, "sender_public_key" character varying, "sender_signiture" character varying, "nonce" integer, "tx_fee" float, "created_at" timestamp(6) NOT NULL, "updated_at" timestamp(6) NOT NULL)[0m
  [1m[36mActiveRecord::SchemaMigration Create (0.4ms)[0m  [1m[32mINSERT INTO "schema_migrations" ("version") VALUES ($1) RETURNING "version"[0m  [["version", "20210909041655"]]
  [1m[35m (1.4ms)[0m  [1m[35mCOMMIT[0m
Migrating to CreateAccounts (20210910160239)
  [1m[35m (0.2ms)[0m  [1m[35mBEGIN[0m
  [1m[35m (4.5ms)[0m  [1m[35mCREATE TABLE "accounts" ("id" bigserial primary key, "account_id" character varying, "confirmed_balance" float, "highest_nonce" integer, "created_at" timestamp(6) NOT NULL, "updated_at" timestamp(6) NOT NULL)[0m
  [1m[36mActiveRecord::SchemaMigration Create (0.4ms)[0m  [1m[32mINSERT INTO "schema_migrations" ("version") VALUES ($1) RETURNING "version"[0m  [["version", "20210910160239"]]
  [1m[35m (0.6ms)[0m  [1m[35mCOMMIT[0m
  [1m[36mActiveRecord::InternalMetadata Load (0.3ms)[0m  [1m[34mSELECT "ar_internal_metadata".* FROM "ar_internal_metadata" WHERE "ar_internal_metadata"."key" = $1 LIMIT $2[0m  [["key", "environment"], ["LIMIT", 1]]
  [1m[35m (0.1ms)[0m  [1m[35mBEGIN[0m
  [1m[36mActiveRecord::InternalMetadata Create (1.3ms)[0m  [1m[32mINSERT INTO "ar_internal_metadata" ("key", "value", "created_at", "updated_at") VALUES ($1, $2, $3, $4) RETURNING "key"[0m  [["key", "environment"], ["value", "development"], ["created_at", "2021-09-10 18:47:20.833146"], ["updated_at", "2021-09-10 18:47:20.833146"]]
  [1m[35m (0.3ms)[0m  [1m[35mCOMMIT[0m
  [1m[35m (0.6ms)[0m  [1m[34mSELECT pg_advisory_unlock(2712650622484365045)[0m
  [1m[35m (1.2ms)[0m  [1m[34mSELECT "schema_migrations"."version" FROM "schema_migrations" ORDER BY "schema_migrations"."version" ASC[0m
  [1m[36mConfirmedTransaction Load (5.4ms)[0m  [1m[34mSELECT "confirmed_transactions".* FROM "confirmed_transactions"[0m
  [1m[36mConfirmedTransaction Load (0.2ms)[0m  [1m[34mSELECT "confirmed_transactions".* FROM "confirmed_transactions" LIMIT $1[0m  [["LIMIT", 11]]
